[14:04:32] [Client thread/INFO]: Setting user: Player864
[14:04:36] [Client thread/INFO]: LWJGL Version: 2.9.4
[14:04:40] [Client thread/INFO]: Reloading ResourceManager: Default, FMLFileResourcePack:Forge Mod Loader, FMLFileResourcePack:Minecraft Forge, FMLFileResourcePack:Witchery: Reincarnate
[14:04:45] [Sound Library Loader/INFO]: Starting up SoundSystem...
[14:04:45] [Thread-8/INFO]: Initializing LWJGL OpenAL
[14:04:45] [Thread-8/INFO]: (The LWJGL binding of OpenAL.  For more information, see http://www.lwjgl.org)
[14:04:45] [Thread-8/INFO]: OpenAL initialized.
[14:04:46] [Sound Library Loader/INFO]: Sound engine started
[14:04:51] [Client thread/INFO]: Created: 16x16 textures-atlas
[14:04:52] [Client thread/INFO]: Reloading ResourceManager: Default, FMLFileResourcePack:Forge Mod Loader, FMLFileResourcePack:Minecraft Forge, FMLFileResourcePack:Witchery: Reincarnate
[14:04:55] [Client thread/INFO]: SoundSystem shutting down...
[14:04:55] [Client thread/WARN]: Author: Paul Lamb, www.paulscode.com
[14:04:55] [Sound Library Loader/INFO]: Starting up SoundSystem...
[14:04:55] [Thread-10/INFO]: Initializing LWJGL OpenAL
[14:04:55] [Thread-10/INFO]: (The LWJGL binding of OpenAL.  For more information, see http://www.lwjgl.org)
[14:04:55] [Thread-10/INFO]: OpenAL initialized.
[14:04:56] [Sound Library Loader/INFO]: Sound engine started
[14:04:59] [Client thread/INFO]: Created: 512x512 textures-atlas
[14:08:16] [Client thread/INFO]: Stopping!
[14:08:16] [Client thread/INFO]: SoundSystem shutting down...
[14:08:17] [Client thread/WARN]: Author: Paul Lamb, www.paulscode.com
